#
# There is insufficient memory for the Java Runtime Environment to continue.
# Native memory allocation (malloc) failed to allocate 108176 bytes. Error detail: Chunk::new
# Possible reasons:
#   The system is out of physical RAM or swap space
#   This process is running with CompressedOops enabled, and the Java Heap may be blocking the growth of the native heap
# Possible solutions:
#   Reduce memory load on the system
#   Increase physical memory or swap space
#   Check if swap backing store is full
#   Decrease Java heap size (-Xmx/-Xms)
#   Decrease number of Java threads
#   Decrease Java thread stack sizes (-Xss)
#   Set larger code cache with -XX:ReservedCodeCacheSize=
#   JVM is running with Zero Based Compressed Oops mode in which the Java heap is
#     placed in the first 32GB address space. The Java Heap base address is the
#     maximum limit for the native heap growth. Please use -XX:HeapBaseMinAddress
#     to set the Java Heap base and to place the Java Heap above 32GB virtual address.
# This output file may be truncated or incomplete.
#
#  Out of Memory Error (arena.cpp:162), pid=115016, tid=113640
#
# JRE version: OpenJDK Runtime Environment (24.0.1+9) (build 24.0.1+9-30)
# Java VM: OpenJDK 64-Bit Server VM (24.0.1+9-30, mixed mode, sharing, tiered, compressed oops, compressed class ptrs, g1 gc, windows-amd64)
# No core dump will be written. Minidumps are not enabled by default on client versions of Windows
#

---------------  S U M M A R Y ------------

Command Line: -javaagent:N:\Programs\IntelliJ IDEA 2025.1\lib\idea_rt.jar=63874 -Dfile.encoding=UTF-8 -Dsun.stdout.encoding=UTF-8 -Dsun.stderr.encoding=UTF-8 --module-path=C:\Users\lolol\.m2\repository\net\synedra\validatorfx\0.5.0\validatorfx-0.5.0.jar;C:\Users\lolol\.m2\repository\org\kordamp\ikonli\ikonli-javafx\12.3.1\ikonli-javafx-12.3.1.jar;C:\Users\lolol\.m2\repository\eu\hansolo\toolbox\21.0.5\toolbox-21.0.5.jar;C:\Users\lolol\.m2\repository\org\openjfx\javafx-controls\17.0.6\javafx-controls-17.0.6-win.jar;C:\Users\lolol\.m2\repository\org\openjfx\javafx-web\17.0.6\javafx-web-17.0.6-win.jar;C:\Users\lolol\.m2\repository\com\github\almasb\fxgl-io\17.3\fxgl-io-17.3.jar;C:\Users\lolol\.m2\repository\com\github\almasb\fxgl\17.3\fxgl-17.3.jar;C:\Users\lolol\.m2\repository\com\github\almasb\fxgl-scene\17.3\fxgl-scene-17.3.jar;C:\Users\lolol\.m2\repository\org\openjfx\javafx-media\17.0.6\javafx-media-17.0.6-win.jar;C:\Users\lolol\.m2\repository\org\openjfx\javafx-swing\17.0.6\javafx-swing-17.0.6-win.jar;C:\Users\lolol\.m2\repository\com\github\almasb\fxgl-gameplay\17.3\fxgl-gameplay-17.3.jar;C:\Users\lolol\.m2\repository\com\fasterxml\jackson\core\jackson-core\2.14.2\jackson-core-2.14.2.jar;C:\Users\lolol\.m2\repository\org\kordamp\ikonli\ikonli-core\12.3.1\ikonli-core-12.3.1.jar;C:\Users\lolol\.m2\repository\org\openjfx\javafx-base\17.0.6\javafx-base-17.0.6-win.jar;C:\Users\lolol\.m2\repository\org\openjfx\javafx-fxml\17.0.6\javafx-fxml-17.0.6-win.jar;C:\Users\lolol\.m2\repository\com\gluonhq\attach\lifecycle\4.0.17\lifecycle-4.0.17.jar;C:\Users\lolol\.m2\repository\com\gluonhq\attach\audio\4.0.17\audio-4.0.17.jar;C:\Users\lolol\.m2\repository\com\github\almasb\fxgl-core\17.3\fxgl-core-17.3.jar;C:\Users\lolol\.m2\repository\com\dlsc\formsfx\formsfx-core\11.6.0\formsfx-core-11.6.0.jar;C:\Users\lolol\.m2\repository\eu\hansolo\toolboxfx\21.0.3\toolboxfx-21.0.3.jar;C:\Users\lolol\.m2\repository\org\controlsfx\controlsfx\11.2.1\controlsfx-11.2.1.jar;C:\Users\lolol\.m2\repository\eu\hansolo\fx\heatmap\21.0.3\heatmap-21.0.3.jar;C:\Users\lolol\.m2\repository\org\openjfx\javafx-graphics\17.0.6\javafx-graphics-17.0.6-win.jar;C:-Djdk.module.main=selentar.productmanager selentar.productmanager/selentar.productmanager.StartWork

Host: AMD Ryzen 7 6800H with Radeon Graphics         , 16 cores, 15G,  Windows 10 , 64 bit Build 19041 (10.0.19041.5794)
Time: Fri May 30 20:32:25 2025  Windows 10 , 64 bit Build 19041 (10.0.19041.5794) elapsed time: 0.273056 seconds (0d 0h 0m 0s)

---------------  T H R E A D  ---------------

Current thread (0x000002c289151180):  JavaThread "C2 CompilerThread4" daemon [_thread_in_native, id=113640, stack(0x000000d919600000,0x000000d919700000) (1024K)]


Current CompileTask:
C2:273 1172       4       java.util.Optional::of (12 bytes)

Stack: [0x000000d919600000,0x000000d919700000]
Native frames: (J=compiled Java code, j=interpreted, Vv=VM code, C=native code)
V  [jvm.dll+0x730739]  (no source info available)
V  [jvm.dll+0x8d9b23]  (no source info available)
V  [jvm.dll+0x8dc00d]  (no source info available)
V  [jvm.dll+0x8dc683]  (no source info available)
V  [jvm.dll+0x2aa086]  (no source info available)
V  [jvm.dll+0xcedef]  (no source info available)
V  [jvm.dll+0xcf04f]  (no source info available)
V  [jvm.dll+0x154d83]  (no source info available)
V  [jvm.dll+0x735f5f]  (no source info available)
V  [jvm.dll+0x26fa1c]  (no source info available)
V  [jvm.dll+0x26ea3f]  (no source info available)
V  [jvm.dll+0x1e9d60]  (no source info available)
V  [jvm.dll+0x27e1fb]  (no source info available)
V  [jvm.dll+0x27c49a]  (no source info available)
V  [jvm.dll+0x42f456]  (no source info available)
V  [jvm.dll+0x87d76b]  (no source info available)
V  [jvm.dll+0x72ee55]  (no source info available)
C  [ucrtbase.dll+0x21bb2]  (no source info available)
C  [KERNEL32.DLL+0x17374]  (no source info available)
C  [ntdll.dll+0x4cc91]  (no source info available)

Lock stack of current Java thread (top to bottom):


---------------  P R O C E S S  ---------------

Threads class SMR info:
_java_thread_list=0x000002c2899b3c00, length=18, elements={
0x000002c223927b00, 0x000002c2437d0220, 0x000002c2437d1ad0, 0x000002c2437d3220,
0x000002c2437d3fd0, 0x000002c2437d4b00, 0x000002c2437d7c50, 0x000002c2437ebe20,
0x000002c2437f69e0, 0x000002c24381d8a0, 0x000002c243937dd0, 0x000002c2439b2270,
0x000002c2439b9940, 0x000002c243a31af0, 0x000002c289151180, 0x000002c2897082f0,
0x000002c289a0e7b0, 0x000002c28a23bfd0
}

Java Threads: ( => current thread )
  0x000002c223927b00 JavaThread "main"                              [_thread_in_native, id=114148, stack(0x000000d917f00000,0x000000d918000000) (1024K)]
  0x000002c2437d0220 JavaThread "Reference Handler"          daemon [_thread_blocked, id=111780, stack(0x000000d918700000,0x000000d918800000) (1024K)]
  0x000002c2437d1ad0 JavaThread "Finalizer"                  daemon [_thread_blocked, id=114136, stack(0x000000d918800000,0x000000d918900000) (1024K)]
  0x000002c2437d3220 JavaThread "Signal Dispatcher"          daemon [_thread_blocked, id=109780, stack(0x000000d918900000,0x000000d918a00000) (1024K)]
  0x000002c2437d3fd0 JavaThread "Attach Listener"            daemon [_thread_in_vm, id=113100, stack(0x000000d918a00000,0x000000d918b00000) (1024K)]
  0x000002c2437d4b00 JavaThread "Service Thread"             daemon [_thread_blocked, id=114036, stack(0x000000d918b00000,0x000000d918c00000) (1024K)]
  0x000002c2437d7c50 JavaThread "Monitor Deflation Thread"   daemon [_thread_blocked, id=115300, stack(0x000000d918c00000,0x000000d918d00000) (1024K)]
  0x000002c2437ebe20 JavaThread "C2 CompilerThread0"         daemon [_thread_in_native, id=114204, stack(0x000000d918d00000,0x000000d918e00000) (1024K)]
  0x000002c2437f69e0 JavaThread "C1 CompilerThread0"         daemon [_thread_in_vm, id=113072, stack(0x000000d918e00000,0x000000d918f00000) (1024K)]
  0x000002c24381d8a0 JavaThread "C1 CompilerThread1"         daemon [_thread_blocked, id=113644, stack(0x000000d918f00000,0x000000d919000000) (1024K)]
  0x000002c243937dd0 JavaThread "Common-Cleaner"             daemon [_thread_blocked, id=115440, stack(0x000000d919000000,0x000000d919100000) (1024K)]
  0x000002c2439b2270 JavaThread "C2 CompilerThread1"         daemon [_thread_blocked, id=115424, stack(0x000000d919100000,0x000000d919200000) (1024K)]
  0x000002c2439b9940 JavaThread "C2 CompilerThread2"         daemon [_thread_in_native, id=115428, stack(0x000000d919200000,0x000000d919300000) (1024K)]
  0x000002c243a31af0 JavaThread "C2 CompilerThread3"         daemon [_thread_in_native, id=115324, stack(0x000000d919500000,0x000000d919600000) (1024K)]
=>0x000002c289151180 JavaThread "C2 CompilerThread4"         daemon [_thread_in_native, id=113640, stack(0x000000d919600000,0x000000d919700000) (1024K)]
  0x000002c2897082f0 JavaThread "Monitor Ctrl-Break"         daemon [_thread_in_native, id=115400, stack(0x000000d919700000,0x000000d919800000) (1024K)]
  0x000002c289a0e7b0 JavaThread "Notification Thread"        daemon [_thread_blocked, id=115404, stack(0x000000d919800000,0x000000d919900000) (1024K)]
  0x000002c28a23bfd0 JavaThread "RMI TCP Accept-0"           daemon [_thread_in_native, id=115568, stack(0x000000d919900000,0x000000d919a00000) (1024K)]
Total: 18

Other Threads:
  0x000002c2437c1bd0 VMThread "VM Thread"                           [id=114284, stack(0x000000d918600000,0x000000d918700000) (1024K)]
  0x000002c2437b4580 WatcherThread "VM Periodic Task Thread"        [id=111168, stack(0x000000d918500000,0x000000d918600000) (1024K)]
  0x000002c22398e0d0 WorkerThread "GC Thread#0"                     [id=115224, stack(0x000000d918000000,0x000000d918100000) (1024K)]
  0x000002c2239a3180 ConcurrentGCThread "G1 Main Marker"            [id=115260, stack(0x000000d918100000,0x000000d918200000) (1024K)]
  0x000002c2239a4330 WorkerThread "G1 Conc#0"                       [id=115244, stack(0x000000d918200000,0x000000d918300000) (1024K)]
  0x000002c2239eea80 ConcurrentGCThread "G1 Refine#0"               [id=115308, stack(0x000000d918300000,0x000000d918400000) (1024K)]
  0x000002c243685740 ConcurrentGCThread "G1 Service"                [id=115312, stack(0x000000d918400000,0x000000d918500000) (1024K)]
Total: 7

Threads with active compile tasks:
C2 CompilerThread0  3100 1513       4       java.lang.StringLatin1::toLowerCase (155 bytes)
C2 CompilerThread2  3100 1542       4       jdk.internal.util.xml.impl.Parser::step (891 bytes)
C2 CompilerThread3  3100 1547       4       jdk.internal.util.xml.impl.Parser::bqstr (462 bytes)
C2 CompilerThread4  3100 1172       4       java.util.Optional::of (12 bytes)
Total: 4

VM state: not at safepoint (normal execution)

VM Mutex/Monitor currently owned by a thread: None

Heap address: 0x000000070ce00000, size: 3890 MB, Compressed Oops mode: Zero based, Oop shift amount: 3

CDS archive(s) mapped at: [0x000002c244000000-0x000002c244d40000-0x000002c244d40000), size 13893632, SharedBaseAddress: 0x000002c244000000, ArchiveRelocationMode: 1.
Compressed class space mapped at: 0x000002c245000000-0x000002c285000000, reserved size: 1073741824
UseCompressedClassPointers 1, UseCompactObjectHeaders 0
Narrow klass pointer bits 32, Max shift 3
Narrow klass base: 0x000002c244000000, Narrow klass shift: 0
Encoding Range: [0x000002c244000000 - 0x000002c344000000), (4294967296 bytes)
Klass Range:    [0x000002c244000000 - 0x000002c285000000), (1090519040 bytes)
Klass ID Range:  [8 - 1090519033) (1090519025)

GC Precious Log:
 CardTable entry size: 512
 Card Set container configuration: InlinePtr #cards 4 size 8 Array Of Cards #cards 16 size 48 Howl #buckets 8 coarsen threshold 3686 Howl Bitmap #cards 512 size 80 coarsen threshold 460 Card regions per heap region 1 cards per card region 4096
 CPUs: 16 total, 16 available
 Memory: 15557M
 Large Page Support: Disabled
 NUMA Support: Disabled
 Compressed Oops: Enabled (Zero based)
 Heap Region Size: 2M
 Heap Min Capacity: 8M
 Heap Initial Capacity: 244M
 Heap Max Capacity: 3890M
 Pre-touch: Disabled
 Parallel Workers: 13
 Concurrent Workers: 3
 Concurrent Refinement Workers: 13
 Periodic GC: Disabled

Heap:
 garbage-first heap   total reserved 3983360K, committed 251904K, used 29808K [0x000000070ce00000, 0x0000000800000000)
  region size 2048K, 16 young (32768K), 0 survivors (0K)
 Metaspace       used 6451K, committed 6720K, reserved 1114112K
  class space    used 560K, committed 704K, reserved 1048576K

Heap Regions: E=young(eden), S=young(survivor), O=old, HS=humongous(starts), HC=humongous(continues), CS=collection set, F=free, TAMS=top-at-mark-start, PB=parsable bottom
|   0|0x000000070ce00000, 0x000000070ce00000, 0x000000070d000000|  0%| F|  |TAMS 0x000000070ce00000| PB 0x000000070ce00000| Untracked |  0
|   1|0x000000070d000000, 0x000000070d000000, 0x000000070d200000|  0%| F|  |TAMS 0x000000070d000000| PB 0x000000070d000000| Untracked |  0
|   2|0x000000070d200000, 0x000000070d200000, 0x000000070d400000|  0%| F|  |TAMS 0x000000070d200000| PB 0x000000070d200000| Untracked |  0
|   3|0x000000070d400000, 0x000000070d400000, 0x000000070d600000|  0%| F|  |TAMS 0x000000070d400000| PB 0x000000070d400000| Untracked |  0
|   4|0x000000070d600000, 0x000000070d600000, 0x000000070d800000|  0%| F|  |TAMS 0x000000070d600000| PB 0x000000070d600000| Untracked |  0
|   5|0x000000070d800000, 0x000000070d800000, 0x000000070da00000|  0%| F|  |TAMS 0x000000070d800000| PB 0x000000070d800000| Untracked |  0
|   6|0x000000070da00000, 0x000000070da00000, 0x000000070dc00000|  0%| F|  |TAMS 0x000000070da00000| PB 0x000000070da00000| Untracked |  0
|   7|0x000000070dc00000, 0x000000070dc00000, 0x000000070de00000|  0%| F|  |TAMS 0x000000070dc00000| PB 0x000000070dc00000| Untracked |  0
|   8|0x000000070de00000, 0x000000070de00000, 0x000000070e000000|  0%| F|  |TAMS 0x000000070de00000| PB 0x000000070de00000| Untracked |  0
|   9|0x000000070e000000, 0x000000070e000000, 0x000000070e200000|  0%| F|  |TAMS 0x000000070e000000| PB 0x000000070e000000| Untracked |  0
|  10|0x000000070e200000, 0x000000070e200000, 0x000000070e400000|  0%| F|  |TAMS 0x000000070e200000| PB 0x000000070e200000| Untracked |  0
|  11|0x000000070e400000, 0x000000070e400000, 0x000000070e600000|  0%| F|  |TAMS 0x000000070e400000| PB 0x000000070e400000| Untracked |  0
|  12|0x000000070e600000, 0x000000070e600000, 0x000000070e800000|  0%| F|  |TAMS 0x000000070e600000| PB 0x000000070e600000| Untracked |  0
|  13|0x000000070e800000, 0x000000070e800000, 0x000000070ea00000|  0%| F|  |TAMS 0x000000070e800000| PB 0x000000070e800000| Untracked |  0
|  14|0x000000070ea00000, 0x000000070ea00000, 0x000000070ec00000|  0%| F|  |TAMS 0x000000070ea00000| PB 0x000000070ea00000| Untracked |  0
|  15|0x000000070ec00000, 0x000000070ec00000, 0x000000070ee00000|  0%| F|  |TAMS 0x000000070ec00000| PB 0x000000070ec00000| Untracked |  0
|  16|0x000000070ee00000, 0x000000070ee00000, 0x000000070f000000|  0%| F|  |TAMS 0x000000070ee00000| PB 0x000000070ee00000| Untracked |  0
|  17|0x000000070f000000, 0x000000070f000000, 0x000000070f200000|  0%| F|  |TAMS 0x000000070f000000| PB 0x000000070f000000| Untracked |  0
|  18|0x000000070f200000, 0x000000070f200000, 0x000000070f400000|  0%| F|  |TAMS 0x000000070f200000| PB 0x000000070f200000| Untracked |  0
|  19|0x000000070f400000, 0x000000070f400000, 0x000000070f600000|  0%| F|  |TAMS 0x000000070f400000| PB 0x000000070f400000| Untracked |  0
|  20|0x000000070f600000, 0x000000070f600000, 0x000000070f800000|  0%| F|  |TAMS 0x000000070f600000| PB 0x000000070f600000| Untracked |  0
|  21|0x000000070f800000, 0x000000070f800000, 0x000000070fa00000|  0%| F|  |TAMS 0x000000070f800000| PB 0x000000070f800000| Untracked |  0
|  22|0x000000070fa00000, 0x000000070fa00000, 0x000000070fc00000|  0%| F|  |TAMS 0x000000070fa00000| PB 0x000000070fa00000| Untracked |  0
|  23|0x000000070fc00000, 0x000000070fc00000, 0x000000070fe00000|  0%| F|  |TAMS 0x000000070fc00000| PB 0x000000070fc00000| Untracked |  0
|  24|0x000000070fe00000, 0x000000070fe00000, 0x0000000710000000|  0%| F|  |TAMS 0x000000070fe00000| PB 0x000000070fe00000| Untracked |  0
|  25|0x0000000710000000, 0x0000000710000000, 0x0000000710200000|  0%| F|  |TAMS 0x0000000710000000| PB 0x0000000710000000| Untracked |  0
|  26|0x0000000710200000, 0x0000000710200000, 0x0000000710400000|  0%| F|  |TAMS 0x0000000710200000| PB 0x0000000710200000| Untracked |  0
|  27|0x0000000710400000, 0x0000000710400000, 0x0000000710600000|  0%| F|  |TAMS 0x0000000710400000| PB 0x0000000710400000| Untracked |  0
|  28|0x0000000710600000, 0x0000000710600000, 0x0000000710800000|  0%| F|  |TAMS 0x0000000710600000| PB 0x0000000710600000| Untracked |  0
|  29|0x0000000710800000, 0x0000000710800000, 0x0000000710a00000|  0%| F|  |TAMS 0x0000000710800000| PB 0x0000000710800000| Untracked |  0
|  30|0x0000000710a00000, 0x0000000710a00000, 0x0000000710c00000|  0%| F|  |TAMS 0x0000000710a00000| PB 0x0000000710a00000| Untracked |  0
|  31|0x0000000710c00000, 0x0000000710c00000, 0x0000000710e00000|  0%| F|  |TAMS 0x0000000710c00000| PB 0x0000000710c00000| Untracked |  0
|  32|0x0000000710e00000, 0x0000000710e00000, 0x0000000711000000|  0%| F|  |TAMS 0x0000000710e00000| PB 0x0000000710e00000| Untracked |  0
|  33|0x0000000711000000, 0x0000000711000000, 0x0000000711200000|  0%| F|  |TAMS 0x0000000711000000| PB 0x0000000711000000| Untracked |  0
|  34|0x0000000711200000, 0x0000000711200000, 0x0000000711400000|  0%| F|  |TAMS 0x0000000711200000| PB 0x0000000711200000| Untracked |  0
|  35|0x0000000711400000, 0x0000000711400000, 0x0000000711600000|  0%| F|  |TAMS 0x0000000711400000| PB 0x0000000711400000| Untracked |  0
|  36|0x0000000711600000, 0x0000000711600000, 0x0000000711800000|  0%| F|  |TAMS 0x0000000711600000| PB 0x0000000711600000| Untracked |  0
|  37|0x0000000711800000, 0x0000000711800000, 0x0000000711a00000|  0%| F|  |TAMS 0x0000000711800000| PB 0x0000000711800000| Untracked |  0
|  38|0x0000000711a00000, 0x0000000711a00000, 0x0000000711c00000|  0%| F|  |TAMS 0x0000000711a00000| PB 0x0000000711a00000| Untracked |  0
|  39|0x0000000711c00000, 0x0000000711c00000, 0x0000000711e00000|  0%| F|  |TAMS 0x0000000711c00000| PB 0x0000000711c00000| Untracked |  0
|  40|0x0000000711e00000, 0x0000000711e00000, 0x0000000712000000|  0%| F|  |TAMS 0x0000000711e00000| PB 0x0000000711e00000| Untracked |  0
|  41|0x0000000712000000, 0x0000000712000000, 0x0000000712200000|  0%| F|  |TAMS 0x0000000712000000| PB 0x0000000712000000| Untracked |  0
|  42|0x0000000712200000, 0x0000000712200000, 0x0000000712400000|  0%| F|  |TAMS 0x0000000712200000| PB 0x0000000712200000| Untracked |  0
|  43|0x0000000712400000, 0x0000000712400000, 0x0000000712600000|  0%| F|  |TAMS 0x0000000712400000| PB 0x0000000712400000| Untracked |  0
|  44|0x0000000712600000, 0x0000000712600000, 0x0000000712800000|  0%| F|  |TAMS 0x0000000712600000| PB 0x0000000712600000| Untracked |  0
|  45|0x0000000712800000, 0x0000000712800000, 0x0000000712a00000|  0%| F|  |TAMS 0x0000000712800000| PB 0x0000000712800000| Untracked |  0
|  46|0x0000000712a00000, 0x0000000712a00000, 0x0000000712c00000|  0%| F|  |TAMS 0x0000000712a00000| PB 0x0000000712a00000| Untracked |  0
|  47|0x0000000712c00000, 0x0000000712c00000, 0x0000000712e00000|  0%| F|  |TAMS 0x0000000712c00000| PB 0x0000000712c00000| Untracked |  0
|  48|0x0000000712e00000, 0x0000000712e00000, 0x0000000713000000|  0%| F|  |TAMS 0x0000000712e00000| PB 0x0000000712e00000| Untracked |  0
|  49|0x0000000713000000, 0x0000000713000000, 0x0000000713200000|  0%| F|  |TAMS 0x0000000713000000| PB 0x0000000713000000| Untracked |  0
|  50|0x0000000713200000, 0x0000000713200000, 0x0000000713400000|  0%| F|  |TAMS 0x0000000713200000| PB 0x0000000713200000| Untracked |  0
|  51|0x0000000713400000, 0x0000000713400000, 0x0000000713600000|  0%| F|  |TAMS 0x0000000713400000| PB 0x0000000713400000| Untracked |  0
|  52|0x0000000713600000, 0x0000000713600000, 0x0000000713800000|  0%| F|  |TAMS 0x0000000713600000| PB 0x0000000713600000| Untracked |  0
|  53|0x0000000713800000, 0x0000000713800000, 0x0000000713a00000|  0%| F|  |TAMS 0x0000000713800000| PB 0x0000000713800000| Untracked |  0
|  54|0x0000000713a00000, 0x0000000713a00000, 0x0000000713c00000|  0%| F|  |TAMS 0x0000000713a00000| PB 0x0000000713a00000| Untracked |  0
|  55|0x0000000713c00000, 0x0000000713c00000, 0x0000000713e00000|  0%| F|  |TAMS 0x0000000713c00000| PB 0x0000000713c00000| Untracked |  0
|  56|0x0000000713e00000, 0x0000000713e00000, 0x0000000714000000|  0%| F|  |TAMS 0x0000000713e00000| PB 0x0000000713e00000| Untracked |  0
|  57|0x0000000714000000, 0x0000000714000000, 0x0000000714200000|  0%| F|  |TAMS 0x0000000714000000| PB 0x0000000714000000| Untracked |  0
|  58|0x0000000714200000, 0x0000000714200000, 0x0000000714400000|  0%| F|  |TAMS 0x0000000714200000| PB 0x0000000714200000| Untracked |  0
|  59|0x0000000714400000, 0x0000000714400000, 0x0000000714600000|  0%| F|  |TAMS 0x0000000714400000| PB 0x0000000714400000| Untracked |  0
|  60|0x0000000714600000, 0x0000000714600000, 0x0000000714800000|  0%| F|  |TAMS 0x0000000714600000| PB 0x0000000714600000| Untracked |  0
|  61|0x0000000714800000, 0x0000000714800000, 0x0000000714a00000|  0%| F|  |TAMS 0x0000000714800000| PB 0x0000000714800000| Untracked |  0
|  62|0x0000000714a00000, 0x0000000714a00000, 0x0000000714c00000|  0%| F|  |TAMS 0x0000000714a00000| PB 0x0000000714a00000| Untracked |  0
|  63|0x0000000714c00000, 0x0000000714c00000, 0x0000000714e00000|  0%| F|  |TAMS 0x0000000714c00000| PB 0x0000000714c00000| Untracked |  0
|  64|0x0000000714e00000, 0x0000000714e00000, 0x0000000715000000|  0%| F|  |TAMS 0x0000000714e00000| PB 0x0000000714e00000| Untracked |  0
|  65|0x0000000715000000, 0x0000000715000000, 0x0000000715200000|  0%| F|  |TAMS 0x0000000715000000| PB 0x0000000715000000| Untracked |  0
|  66|0x0000000715200000, 0x0000000715200000, 0x0000000715400000|  0%| F|  |TAMS 0x0000000715200000| PB 0x0000000715200000| Untracked |  0
|  67|0x0000000715400000, 0x0000000715400000, 0x0000000715600000|  0%| F|  |TAMS 0x0000000715400000| PB 0x0000000715400000| Untracked |  0
|  68|0x0000000715600000, 0x0000000715600000, 0x0000000715800000|  0%| F|  |TAMS 0x0000000715600000| PB 0x0000000715600000| Untracked |  0
|  69|0x0000000715800000, 0x0000000715800000, 0x0000000715a00000|  0%| F|  |TAMS 0x0000000715800000| PB 0x0000000715800000| Untracked |  0
|  70|0x0000000715a00000, 0x0000000715a00000, 0x0000000715c00000|  0%| F|  |TAMS 0x0000000715a00000| PB 0x0000000715a00000| Untracked |  0
|  71|0x0000000715c00000, 0x0000000715c00000, 0x0000000715e00000|  0%| F|  |TAMS 0x0000000715c00000| PB 0x0000000715c00000| Untracked |  0
|  72|0x0000000715e00000, 0x0000000715e00000, 0x0000000716000000|  0%| F|  |TAMS 0x0000000715e00000| PB 0x0000000715e00000| Untracked |  0
|  73|0x0000000716000000, 0x0000000716000000, 0x0000000716200000|  0%| F|  |TAMS 0x0000000716000000| PB 0x0000000716000000| Untracked |  0
|  74|0x0000000716200000, 0x0000000716200000, 0x0000000716400000|  0%| F|  |TAMS 0x0000000716200000| PB 0x0000000716200000| Untracked |  0
|  75|0x0000000716400000, 0x0000000716400000, 0x0000000716600000|  0%| F|  |TAMS 0x0000000716400000| PB 0x0000000716400000| Untracked |  0
|  76|0x0000000716600000, 0x0000000716600000, 0x0000000716800000|  0%| F|  |TAMS 0x0000000716600000| PB 0x0000000716600000| Untracked |  0
|  77|0x0000000716800000, 0x0000000716800000, 0x0000000716a00000|  0%| F|  |TAMS 0x0000000716800000| PB 0x0000000716800000| Untracked |  0
|  78|0x0000000716a00000, 0x0000000716a00000, 0x0000000716c00000|  0%| F|  |TAMS 0x0000000716a00000| PB 0x0000000716a00000| Untracked |  0
|  79|0x0000000716c00000, 0x0000000716c00000, 0x0000000716e00000|  0%| F|  |TAMS 0x0000000716c00000| PB 0x0000000716c00000| Untracked |  0
|  80|0x0000000716e00000, 0x0000000716e00000, 0x0000000717000000|  0%| F|  |TAMS 0x0000000716e00000| PB 0x0000000716e00000| Untracked |  0
|  81|0x0000000717000000, 0x0000000717000000, 0x0000000717200000|  0%| F|  |TAMS 0x0000000717000000| PB 0x0000000717000000| Untracked |  0
|  82|0x0000000717200000, 0x0000000717200000, 0x0000000717400000|  0%| F|  |TAMS 0x0000000717200000| PB 0x0000000717200000| Untracked |  0
|  83|0x0000000717400000, 0x0000000717400000, 0x0000000717600000|  0%| F|  |TAMS 0x0000000717400000| PB 0x0000000717400000| Untracked |  0
|  84|0x0000000717600000, 0x0000000717600000, 0x0000000717800000|  0%| F|  |TAMS 0x0000000717600000| PB 0x0000000717600000| Untracked |  0
|  85|0x0000000717800000, 0x0000000717800000, 0x0000000717a00000|  0%| F|  |TAMS 0x0000000717800000| PB 0x0000000717800000| Untracked |  0
|  86|0x0000000717a00000, 0x0000000717a00000, 0x0000000717c00000|  0%| F|  |TAMS 0x0000000717a00000| PB 0x0000000717a00000| Untracked |  0
|  87|0x0000000717c00000, 0x0000000717c00000, 0x0000000717e00000|  0%| F|  |TAMS 0x0000000717c00000| PB 0x0000000717c00000| Untracked |  0
|  88|0x0000000717e00000, 0x0000000717e00000, 0x0000000718000000|  0%| F|  |TAMS 0x0000000717e00000| PB 0x0000000717e00000| Untracked |  0
|  89|0x0000000718000000, 0x0000000718000000, 0x0000000718200000|  0%| F|  |TAMS 0x0000000718000000| PB 0x0000000718000000| Untracked |  0
|  90|0x0000000718200000, 0x0000000718200000, 0x0000000718400000|  0%| F|  |TAMS 0x0000000718200000| PB 0x0000000718200000| Untracked |  0
|  91|0x0000000718400000, 0x0000000718400000, 0x0000000718600000|  0%| F|  |TAMS 0x0000000718400000| PB 0x0000000718400000| Untracked |  0
|  92|0x0000000718600000, 0x0000000718600000, 0x0000000718800000|  0%| F|  |TAMS 0x0000000718600000| PB 0x0000000718600000| Untracked |  0
|  93|0x0000000718800000, 0x0000000718800000, 0x0000000718a00000|  0%| F|  |TAMS 0x0000000718800000| PB 0x0000000718800000| Untracked |  0
|  94|0x0000000718a00000, 0x0000000718a00000, 0x0000000718c00000|  0%| F|  |TAMS 0x0000000718a00000| PB 0x0000000718a00000| Untracked |  0
|  95|0x0000000718c00000, 0x0000000718c00000, 0x0000000718e00000|  0%| F|  |TAMS 0x0000000718c00000| PB 0x0000000718c00000| Untracked |  0
|  96|0x0000000718e00000, 0x0000000718e00000, 0x0000000719000000|  0%| F|  |TAMS 0x0000000718e00000| PB 0x0000000718e00000| Untracked |  0
|  97|0x0000000719000000, 0x0000000719000000, 0x0000000719200000|  0%| F|  |TAMS 0x0000000719000000| PB 0x0000000719000000| Untracked |  0
|  98|0x0000000719200000, 0x0000000719200000, 0x0000000719400000|  0%| F|  |TAMS 0x0000000719200000| PB 0x0000000719200000| Untracked |  0
|  99|0x0000000719400000, 0x0000000719400000, 0x0000000719600000|  0%| F|  |TAMS 0x0000000719400000| PB 0x0000000719400000| Untracked |  0
| 100|0x0000000719600000, 0x0000000719600000, 0x0000000719800000|  0%| F|  |TAMS 0x0000000719600000| PB 0x0000000719600000| Untracked |  0
| 101|0x0000000719800000, 0x0000000719800000, 0x0000000719a00000|  0%| F|  |TAMS 0x0000000719800000| PB 0x0000000719800000| Untracked |  0
| 102|0x0000000719a00000, 0x0000000719a00000, 0x0000000719c00000|  0%| F|  |TAMS 0x0000000719a00000| PB 0x0000000719a00000| Untracked |  0
| 103|0x0000000719c00000, 0x0000000719c00000, 0x0000000719e00000|  0%| F|  |TAMS 0x0000000719c00000| PB 0x0000000719c00000| Untracked |  0
| 104|0x0000000719e00000, 0x0000000719e00000, 0x000000071a000000|  0%| F|  |TAMS 0x0000000719e00000| PB 0x0000000719e00000| Untracked |  0
| 105|0x000000071a000000, 0x000000071a000000, 0x000000071a200000|  0%| F|  |TAMS 0x000000071a000000| PB 0x000000071a000000| Untracked |  0
| 106|0x000000071a200000, 0x000000071a3ef878, 0x000000071a400000| 96%| E|  |TAMS 0x000000071a200000| PB 0x000000071a200000| Complete |  0
| 107|0x000000071a400000, 0x000000071a600000, 0x000000071a600000|100%| E|CS|TAMS 0x000000071a400000| PB 0x000000071a400000| Complete |  0
| 108|0x000000071a600000, 0x000000071a800000, 0x000000071a800000|100%| E|CS|TAMS 0x000000071a600000| PB 0x000000071a600000| Complete |  0
| 109|0x000000071a800000, 0x000000071aa00000, 0x000000071aa00000|100%| E|CS|TAMS 0x000000071a800000| PB 0x000000071a800000| Complete |  0
| 110|0x000000071aa00000, 0x000000071ac00000, 0x000000071ac00000|100%| E|CS|TAMS 0x000000071aa00000| PB 0x000000071aa00000| Complete |  0
| 111|0x000000071ac00000, 0x000000071ae00000, 0x000000071ae00000|100%| E|  |TAMS 0x000000071ac00000| PB 0x000000071ac00000| Complete |  0
| 112|0x000000071ae00000, 0x000000071b000000, 0x000000071b000000|100%| E|CS|TAMS 0x000000071ae00000| PB 0x000000071ae00000| Complete |  0
| 113|0x000000071b000000, 0x000000071b200000, 0x000000071b200000|100%| E|CS|TAMS 0x000000071b000000| PB 0x000000071b000000| Complete |  0
| 114|0x000000071b200000, 0x000000071b400000, 0x000000071b400000|100%| E|CS|TAMS 0x000000071b200000| PB 0x000000071b200000| Complete |  0
| 115|0x000000071b400000, 0x000000071b600000, 0x000000071b600000|100%| E|CS|TAMS 0x000000071b400000| PB 0x000000071b400000| Complete |  0
| 116|0x000000071b600000, 0x000000071b800000, 0x000000071b800000|100%| E|CS|TAMS 0x000000071b600000| PB 0x000000071b600000| Complete |  0
| 117|0x000000071b800000, 0x000000071ba00000, 0x000000071ba00000|100%| E|CS|TAMS 0x000000071b800000| PB 0x000000071b800000| Complete |  0
| 118|0x000000071ba00000, 0x000000071bc00000, 0x000000071bc00000|100%| E|CS|TAMS 0x000000071ba00000| PB 0x000000071ba00000| Complete |  0
| 119|0x000000071bc00000, 0x000000071be00000, 0x000000071be00000|100%| E|CS|TAMS 0x000000071bc00000| PB 0x000000071bc00000| Complete |  0
| 120|0x000000071be00000, 0x000000071c000000, 0x000000071c000000|100%| E|CS|TAMS 0x000000071be00000| PB 0x000000071be00000| Complete |  0
| 121|0x000000071c000000, 0x000000071c200000, 0x000000071c200000|100%| E|CS|TAMS 0x000000071c000000| PB 0x000000071c000000| Complete |  0
|1944|0x00000007ffe00000, 0x00000007fff1c288, 0x0000000800000000| 55%| O|  |TAMS 0x00000007ffe00000| PB 0x00000007ffe00000| Untracked |  0

Card table byte_map: [0x000002c23c300000,0x000002c23caa0000] _byte_map_base: 0x000002c238a99000

Marking Bits: (CMBitMap*) 0x000002c22398e6e0
 Bits: [0x000002c23caa0000, 0x000002c240768000)

Polling page: 0x000002c223100000

Metaspace:

Usage:
  Non-class:      5.75 MB used.
      Class:    560.79 KB used.
       Both:      6.30 MB used.

Virtual space:
  Non-class space:       64.00 MB reserved,       5.88 MB (  9%) committed,  1 nodes.
      Class space:        1.00 GB reserved,     704.00 KB ( <1%) committed,  1 nodes.
             Both:        1.06 GB reserved,       6.56 MB ( <1%) committed. 

Chunk freelists:
   Non-Class:  10.00 MB
       Class:  15.24 MB
        Both:  25.25 MB

MaxMetaspaceSize: unlimited
CompressedClassSpaceSize: 1.00 GB
Initial GC threshold: 21.00 MB
Current GC threshold: 21.00 MB
CDS: on
 - commit_granule_bytes: 65536.
 - commit_granule_words: 8192.
 - virtual_space_node_default_size: 8388608.
 - enlarge_chunks_in_place: 1.
UseCompressedClassPointers 1, UseCompactObjectHeaders 0
Narrow klass pointer bits 32, Max shift 3
Narrow klass base: 0x000002c244000000, Narrow klass shift: 0
Encoding Range: [0x000002c244000000 - 0x000002c344000000), (4294967296 bytes)
Klass Range:    [0x000002c244000000 - 0x000002c285000000), (1090519040 bytes)
Klass ID Range:  [8 - 1090519033) (1090519025)


Internal statistics:

num_allocs_failed_limit: 0.
num_arena_births: 104.
num_arena_deaths: 0.
num_vsnodes_births: 2.
num_vsnodes_deaths: 0.
num_space_committed: 105.
num_space_uncommitted: 0.
num_chunks_returned_to_freelist: 0.
num_chunks_taken_from_freelist: 143.
num_chunk_merges: 0.
num_chunk_splits: 93.
num_chunks_enlarged: 59.
num_inconsistent_stats: 0.

CodeHeap 'non-profiled nmethods': size=119232Kb used=535Kb max_used=535Kb free=118696Kb
 bounds [0x000002c233d60000, 0x000002c233fd0000, 0x000002c23b1d0000]
CodeHeap 'profiled nmethods': size=119104Kb used=2493Kb max_used=2493Kb free=116611Kb
 bounds [0x000002c22c1d0000, 0x000002c22c440000, 0x000002c233620000]
CodeHeap 'non-nmethods': size=7424Kb used=1906Kb max_used=3062Kb free=5517Kb
 bounds [0x000002c233620000, 0x000002c233930000, 0x000002c233d60000]
CodeCache: size=245760Kb, used=4934Kb, max_used=6090Kb, free=240824Kb
 total_blobs=2201, nmethods=1714, adapters=387, full_count=0
Compilation: enabled, stopped_count=0, restarted_count=0

Compilation events (20 events):
Event: 0.258 Thread 0x000002c2437f69e0 1161       3       java.lang.StringBuilder::<init> (6 bytes)
Event: 0.259 Thread 0x000002c2437f69e0 nmethod 1161 0x000002c22c353008 code [0x000002c22c353120, 0x000002c22c353250]
Event: 0.260 Thread 0x000002c24381d8a0 nmethod 1154 0x000002c22c353308 code [0x000002c22c353d60, 0x000002c22c35beb8]
Event: 0.261 Thread 0x000002c2439bb8b0 1163       3       java.lang.invoke.MethodHandleNatives::findMethodHandleType (7 bytes)
Event: 0.261 Thread 0x000002c2439bb8b0 nmethod 1163 0x000002c22c35bf88 code [0x000002c22c35c0a0, 0x000002c22c35c1b8]
Event: 0.261 Thread 0x000002c2437f69e0 1164       3       jdk.internal.classfile.impl.StackMapGenerator$Type::equals (54 bytes)
Event: 0.261 Thread 0x000002c24381d8a0 1165       3       java.lang.invoke.MethodHandles$Lookup::<init> (84 bytes)
Event: 0.261 Thread 0x000002c2437f69e0 nmethod 1164 0x000002c22c35c288 code [0x000002c22c35c3c0, 0x000002c22c35c920]
Event: 0.261 Thread 0x000002c24381d8a0 nmethod 1165 0x000002c22c35c988 code [0x000002c22c35caa0, 0x000002c22c35ccf0]
Event: 0.262 Thread 0x000002c2437f69e0 1166       3       java.util.concurrent.ConcurrentHashMap$ValueIterator::next (34 bytes)
Event: 0.262 Thread 0x000002c2437f69e0 nmethod 1166 0x000002c22c35cd08 code [0x000002c22c35ce40, 0x000002c22c35d128]
Event: 0.267 Thread 0x000002c24381d8a0 1168       3       jdk.internal.classfile.impl.SplitConstantPool::utf8Entry (25 bytes)
Event: 0.267 Thread 0x000002c24381d8a0 nmethod 1168 0x000002c22c35d188 code [0x000002c22c35d2c0, 0x000002c22c35d5e8]
Event: 0.268 Thread 0x000002c2439bb8b0 1169       1       java.lang.invoke.MethodType::rtype (5 bytes)
Event: 0.268 Thread 0x000002c24381d8a0 1170       3       java.lang.String::startsWith (123 bytes)
Event: 0.268 Thread 0x000002c2439bb8b0 nmethod 1169 0x000002c233dc8408 code [0x000002c233dc8500, 0x000002c233dc85c8]
Event: 0.269 Thread 0x000002c2439b2270 1171       4       java.lang.invoke.MemberName::getReferenceKind (12 bytes)
Event: 0.269 Thread 0x000002c24381d8a0 nmethod 1170 0x000002c22c35d608 code [0x000002c22c35d7a0, 0x000002c22c35e1b0]
Event: 0.269 Thread 0x000002c289151180 1172       4       java.util.Optional::of (12 bytes)
Event: 0.269 Thread 0x000002c2439b2270 nmethod 1171 0x000002c233dc8708 code [0x000002c233dc8800, 0x000002c233dc8880]

GC Heap History (0 events):
No events

Dll operation events (15 events):
Event: 0.006 Loaded shared library C:\Users\lolol\.jdks\openjdk-24.0.1\bin\java.dll
Event: 0.030 Loaded shared library C:\Users\lolol\.jdks\openjdk-24.0.1\bin\jsvml.dll
Event: 0.051 Loaded shared library C:\Users\lolol\.jdks\openjdk-24.0.1\bin\net.dll
Event: 0.052 Loaded shared library C:\Users\lolol\.jdks\openjdk-24.0.1\bin\nio.dll
Event: 0.055 Loaded shared library C:\Users\lolol\.jdks\openjdk-24.0.1\bin\zip.dll
Event: 0.166 Loaded shared library C:\Users\lolol\.jdks\openjdk-24.0.1\bin\zip.dll
Event: 0.168 Loaded shared library C:\Users\lolol\.jdks\openjdk-24.0.1\bin\instrument.dll
Event: 0.201 Loaded shared library C:\Users\lolol\.jdks\openjdk-24.0.1\bin\jimage.dll
Event: 0.249 Loaded shared library C:\Users\lolol\.jdks\openjdk-24.0.1\bin\management.dll
Event: 0.256 Loaded shared library C:\Users\lolol\.jdks\openjdk-24.0.1\bin\management_ext.dll
Event: 0.257 Loaded shared library C:\Users\lolol\.openjfx\cache\17.0.6\api-ms-win-core-console-l1-1-0.dll
Event: 0.262 Loaded shared library C:\Users\lolol\.openjfx\cache\17.0.6\api-ms-win-core-console-l1-2-0.dll
Event: 0.265 Loaded shared library C:\Users\lolol\.openjfx\cache\17.0.6\api-ms-win-core-datetime-l1-1-0.dll
Event: 0.267 Loaded shared library C:\Users\lolol\.openjfx\cache\17.0.6\api-ms-win-core-debug-l1-1-0.dll
Event: 0.270 Loaded shared library C:\Users\lolol\.openjfx\cache\17.0.6\api-ms-win-core-errorhandling-l1-1-0.dll

Deoptimization events (20 events):
Event: 0.221 Thread 0x000002c2437d3fd0 Uncommon trap: trap_request=0xffffffc6 fr.pc=0x000002c233db9970 relative=0x0000000000000210
Event: 0.221 Thread 0x000002c2437d3fd0 Uncommon trap: reason=bimorphic_or_optimized_type_check action=maybe_recompile pc=0x000002c233db9970 method=java.util.stream.ReduceOps$3ReducingSink.accept(Ljava/lang/Object;)V @ 9 c2
Event: 0.221 Thread 0x000002c2437d3fd0 DEOPT PACKING pc=0x000002c233db9970 sp=0x000000d918afdd90
Event: 0.221 Thread 0x000002c2437d3fd0 DEOPT UNPACKING pc=0x000002c233735002 sp=0x000000d918afdd30 mode 2
Event: 0.222 Thread 0x000002c2437d3fd0 Uncommon trap: trap_request=0xffffff4d fr.pc=0x000002c233d828a8 relative=0x00000000000000a8
Event: 0.222 Thread 0x000002c2437d3fd0 Uncommon trap: reason=unstable_if action=reinterpret pc=0x000002c233d828a8 method=java.util.HashMap.hash(Ljava/lang/Object;)I @ 1 c2
Event: 0.222 Thread 0x000002c2437d3fd0 DEOPT PACKING pc=0x000002c233d828a8 sp=0x000000d918afed00
Event: 0.222 Thread 0x000002c2437d3fd0 DEOPT UNPACKING pc=0x000002c233735002 sp=0x000000d918afec98 mode 2
Event: 0.228 Thread 0x000002c223927b00 Uncommon trap: trap_request=0xffffff4d fr.pc=0x000002c233d8c690 relative=0x0000000000001f90
Event: 0.228 Thread 0x000002c223927b00 Uncommon trap: reason=unstable_if action=reinterpret pc=0x000002c233d8c690 method=java.lang.String.isEmpty()Z @ 5 c2
Event: 0.228 Thread 0x000002c223927b00 DEOPT PACKING pc=0x000002c233d8c690 sp=0x000000d917ffe800
Event: 0.228 Thread 0x000002c223927b00 DEOPT UNPACKING pc=0x000002c233735002 sp=0x000000d917ffe708 mode 2
Event: 0.234 Thread 0x000002c223927b00 Uncommon trap: trap_request=0xffffff4d fr.pc=0x000002c233d7ed20 relative=0x0000000000000200
Event: 0.234 Thread 0x000002c223927b00 Uncommon trap: reason=unstable_if action=reinterpret pc=0x000002c233d7ed20 method=java.lang.String.startsWith(Ljava/lang/String;I)Z @ 1 c2
Event: 0.234 Thread 0x000002c223927b00 DEOPT PACKING pc=0x000002c233d7ed20 sp=0x000000d917ffd990
Event: 0.235 Thread 0x000002c223927b00 DEOPT UNPACKING pc=0x000002c233735002 sp=0x000000d917ffd920 mode 2
Event: 0.255 Thread 0x000002c223927b00 Uncommon trap: trap_request=0xffffff4d fr.pc=0x000002c233d726a0 relative=0x0000000000000840
Event: 0.255 Thread 0x000002c223927b00 Uncommon trap: reason=unstable_if action=reinterpret pc=0x000002c233d726a0 method=java.lang.String.isEmpty()Z @ 5 c2
Event: 0.255 Thread 0x000002c223927b00 DEOPT PACKING pc=0x000002c233d726a0 sp=0x000000d917ffe6f0
Event: 0.255 Thread 0x000002c223927b00 DEOPT UNPACKING pc=0x000002c233735002 sp=0x000000d917ffe638 mode 2

Classes loaded (20 events):
Event: 0.270 Loading class sun/reflect/generics/tree/TypeSignature done
Event: 0.270 Loading class sun/reflect/generics/tree/FieldTypeSignature
Event: 0.270 Loading class sun/reflect/generics/tree/BaseType
Event: 0.270 Loading class sun/reflect/generics/tree/BaseType done
Event: 0.270 Loading class sun/reflect/generics/tree/TypeArgument
Event: 0.270 Loading class sun/reflect/generics/tree/TypeArgument done
Event: 0.270 Loading class sun/reflect/generics/tree/FieldTypeSignature done
Event: 0.270 Loading class sun/reflect/generics/tree/SimpleClassTypeSignature
Event: 0.270 Loading class sun/reflect/generics/tree/SimpleClassTypeSignature done
Event: 0.270 Loading class sun/reflect/generics/tree/ClassTypeSignature
Event: 0.270 Loading class sun/reflect/generics/tree/ClassTypeSignature done
Event: 0.270 Loading class sun/reflect/generics/tree/MethodTypeSignature
Event: 0.270 Loading class sun/reflect/generics/tree/Signature
Event: 0.270 Loading class sun/reflect/generics/tree/Signature done
Event: 0.270 Loading class sun/reflect/generics/tree/MethodTypeSignature done
Event: 0.270 Loading class sun/reflect/generics/visitor/Reifier
Event: 0.270 Loading class sun/reflect/generics/visitor/TypeTreeVisitor
Event: 0.270 Loading class sun/reflect/generics/visitor/TypeTreeVisitor done
Event: 0.270 Loading class sun/reflect/generics/visitor/Reifier done
Event: 0.270 Loading class sun/reflect/generics/reflectiveObjects/ParameterizedTypeImpl

Classes unloaded (0 events):
No events

Classes redefined (0 events):
No events

Internal exceptions (20 events):
Event: 0.161 Thread 0x000002c223927b00 Implicit null exception at 0x000002c233d6dcd3 to 0x000002c233d6de70
Event: 0.173 Thread 0x000002c223927b00 Exception <a 'java/lang/NoSuchMethodError'{0x000000071b21cd80}: 'void java.lang.invoke.DirectMethodHandle$Holder.invokeStatic(java.lang.Object, java.lang.Object, java.lang.Object)'> (0x000000071b21cd80) 
thrown [s\open\src\hotspot\share\interpreter\linkResolver.cpp, line 805]
Event: 0.177 Thread 0x000002c223927b00 Exception <a 'java/lang/NoSuchMethodError'{0x000000071b250b48}: 'java.lang.Object java.lang.invoke.Invokers$Holder.invokeExact_MT(java.lang.Object, java.lang.Object, java.lang.Object, java.lang.Object, java.lang.Object)'> (0x000000071b250b48) 
thrown [s\open\src\hotspot\share\interpreter\linkResolver.cpp, line 805]
Event: 0.182 Thread 0x000002c2897082f0 Exception <a 'java/lang/ClassNotFoundException'{0x000000071b2f9038}: jdk/net/ExtendedSocketOptions> (0x000000071b2f9038) 
thrown [s\open\src\hotspot\share\classfile\systemDictionary.cpp, line 327]
Event: 0.182 Thread 0x000002c2897082f0 Exception <a 'java/lang/NoSuchMethodError'{0x000000071b2faac0}: 'void java.lang.invoke.DirectMethodHandle$Holder.invokeStatic(java.lang.Object, java.lang.Object)'> (0x000000071b2faac0) 
thrown [s\open\src\hotspot\share\interpreter\linkResolver.cpp, line 805]
Event: 0.196 Thread 0x000002c223927b00 Exception <a 'java/lang/NoSuchMethodError'{0x000000071b2edac0}: 'java.lang.Object java.lang.invoke.DirectMethodHandle$Holder.invokeStaticInit(java.lang.Object)'> (0x000000071b2edac0) 
thrown [s\open\src\hotspot\share\interpreter\linkResolver.cpp, line 805]
Event: 0.197 Thread 0x000002c223927b00 Exception <a 'java/lang/NoSuchMethodError'{0x000000071b0fd8f0}: 'void java.lang.invoke.DirectMethodHandle$Holder.invokeStatic(java.lang.Object, java.lang.Object, java.lang.Object, java.lang.Object)'> (0x000000071b0fd8f0) 
thrown [s\open\src\hotspot\share\interpreter\linkResolver.cpp, line 805]
Event: 0.198 Thread 0x000002c223927b00 Exception <a 'java/lang/NoSuchMethodError'{0x000000071b105fc8}: 'void java.lang.invoke.DirectMethodHandle$Holder.invokeSpecial(java.lang.Object, java.lang.Object, java.lang.Object, java.lang.Object, java.lang.Object)'> (0x000000071b105fc8) 
thrown [s\open\src\hotspot\share\interpreter\linkResolver.cpp, line 805]
Event: 0.201 Thread 0x000002c223927b00 Exception <a 'java/lang/NoSuchMethodError'{0x000000071b12fed0}: 'java.lang.Object java.lang.invoke.Invokers$Holder.invokeExact_MT(java.lang.Object, java.lang.Object, java.lang.Object, java.lang.Object, java.lang.Object, java.lang.Object)'> (0x000000071b12fed0) 
thrown [s\open\src\hotspot\share\interpreter\linkResolver.cpp, line 805]
Event: 0.217 Thread 0x000002c2437d3fd0 Exception <a 'java/lang/NoSuchMethodError'{0x000000071b0efdc0}: 'java.lang.Object java.lang.invoke.DirectMethodHandle$Holder.invokeInterface(java.lang.Object, java.lang.Object)'> (0x000000071b0efdc0) 
thrown [s\open\src\hotspot\share\interpreter\linkResolver.cpp, line 805]
Event: 0.222 Thread 0x000002c2437d3fd0 Implicit null exception at 0x000002c233d8281d to 0x000002c233d82899
Event: 0.227 Thread 0x000002c223927b00 Exception <a 'java/io/IOException'{0x000000071ac5d310}> (0x000000071ac5d310) 
thrown [s\open\src\hotspot\share\prims\jni.cpp, line 518]
Event: 0.232 Thread 0x000002c2437d3fd0 Exception <a 'sun/nio/fs/WindowsException'{0x000000071ad00220}> (0x000000071ad00220) 
thrown [s\open\src\hotspot\share\prims\jni.cpp, line 518]
Event: 0.241 Thread 0x000002c2437d3fd0 Exception <a 'sun/nio/fs/WindowsException'{0x000000071ade7b28}> (0x000000071ade7b28) 
thrown [s\open\src\hotspot\share\prims\jni.cpp, line 518]
Event: 0.258 Thread 0x000002c223927b00 Exception <a 'java/io/IOException'{0x000000071acb7f18}> (0x000000071acb7f18) 
thrown [s\open\src\hotspot\share\prims\jni.cpp, line 518]
Event: 0.259 Thread 0x000002c2437d3fd0 Exception <a 'java/lang/NoSuchMethodError'{0x000000071aa1fd90}: 'int java.lang.invoke.DirectMethodHandle$Holder.invokeInterface(java.lang.Object, java.lang.Object)'> (0x000000071aa1fd90) 
thrown [s\open\src\hotspot\share\interpreter\linkResolver.cpp, line 805]
Event: 0.260 Thread 0x000002c2437d3fd0 Exception <a 'java/lang/IncompatibleClassChangeError'{0x000000071aa27a10}: Found class java.lang.Object, but interface was expected> (0x000000071aa27a10) 
thrown [s\open\src\hotspot\share\interpreter\linkResolver.cpp, line 872]
Event: 0.263 Thread 0x000002c223927b00 Exception <a 'java/io/IOException'{0x000000071acc0240}> (0x000000071acc0240) 
thrown [s\open\src\hotspot\share\prims\jni.cpp, line 518]
Event: 0.265 Thread 0x000002c223927b00 Exception <a 'java/io/IOException'{0x000000071acc8b38}> (0x000000071acc8b38) 
thrown [s\open\src\hotspot\share\prims\jni.cpp, line 518]
Event: 0.268 Thread 0x000002c223927b00 Exception <a 'java/io/IOException'{0x000000071acd14b0}> (0x000000071acd14b0) 
thrown [s\open\src\hotspot\share\prims\jni.cpp, line 518]

VM Operations (10 events):
Event: 0.086 Executing VM operation: HandshakeAllThreads (Deoptimize)
Event: 0.086 Executing VM operation: HandshakeAllThreads (Deoptimize) done
Event: 0.088 Executing VM operation: HandshakeAllThreads (Deoptimize)
Event: 0.088 Executing VM operation: HandshakeAllThreads (Deoptimize) done
Event: 0.154 Executing VM operation: HandshakeAllThreads (Deoptimize)
Event: 0.154 Executing VM operation: HandshakeAllThreads (Deoptimize) done
Event: 0.206 Executing VM operation: HandshakeAllThreads (Deoptimize)
Event: 0.206 Executing VM operation: HandshakeAllThreads (Deoptimize) done
Event: 0.263 Executing VM operation: HandshakeAllThreads (Deoptimize)
Event: 0.264 Executing VM operation: HandshakeAllThreads (Deoptimize) done

Memory protections (0 events):
No events

Nmethod flushes (0 events):
No events

Events (19 events):
Event: 0.019 Thread 0x000002c223927b00 Thread added: 0x000002c223927b00
Event: 0.028 Thread 0x000002c223927b00 Thread added: 0x000002c2437d0220
Event: 0.028 Thread 0x000002c223927b00 Thread added: 0x000002c2437d1ad0
Event: 0.028 Thread 0x000002c223927b00 Thread added: 0x000002c2437d3220
Event: 0.028 Thread 0x000002c223927b00 Thread added: 0x000002c2437d3fd0
Event: 0.028 Thread 0x000002c223927b00 Thread added: 0x000002c2437d4b00
Event: 0.028 Thread 0x000002c223927b00 Thread added: 0x000002c2437d7c50
Event: 0.028 Thread 0x000002c223927b00 Thread added: 0x000002c2437ebe20
Event: 0.028 Thread 0x000002c223927b00 Thread added: 0x000002c2437f69e0
Event: 0.030 Thread 0x000002c2437f69e0 Thread added: 0x000002c24381d8a0
Event: 0.050 Thread 0x000002c223927b00 Thread added: 0x000002c243937dd0
Event: 0.069 Thread 0x000002c2437ebe20 Thread added: 0x000002c2439b2270
Event: 0.070 Thread 0x000002c2437f69e0 Thread added: 0x000002c2439b9940
Event: 0.071 Thread 0x000002c2437f69e0 Thread added: 0x000002c2439bb8b0
Event: 0.071 Thread 0x000002c2437f69e0 Thread added: 0x000002c2439bc040
Event: 0.079 Thread 0x000002c2437f69e0 Thread added: 0x000002c243a31af0
Event: 0.106 Thread 0x000002c2437ebe20 Thread added: 0x000002c289151180
Event: 0.178 Thread 0x000002c223927b00 Thread added: 0x000002c2897082f0
Event: 0.178 Thread 0x000002c223927b00 Thread added: 0x000002c289a0e7b0


Dynamic libraries:
0x00007ff76a120000 - 0x00007ff76a12e000 	C:\Users\lolol\.jdks\openjdk-24.0.1\bin\java.exe
0x00007fffc9f90000 - 0x00007fffca188000 	C:\WINDOWS\SYSTEM32\ntdll.dll
0x00007fffc80d0000 - 0x00007fffc8192000 	C:\WINDOWS\System32\KERNEL32.DLL
0x00007fffc7990000 - 0x00007fffc7c86000 	C:\WINDOWS\System32\KERNELBASE.dll
0x00007fffc7ec0000 - 0x00007fffc7fc0000 	C:\WINDOWS\System32\ucrtbase.dll
0x00007fffb8ee0000 - 0x00007fffb8efb000 	C:\Users\lolol\.jdks\openjdk-24.0.1\bin\VCRUNTIME140.dll
0x00007fffc0b40000 - 0x00007fffc0b56000 	C:\Users\lolol\.jdks\openjdk-24.0.1\bin\jli.dll
0x00007fffc9130000 - 0x00007fffc92cd000 	C:\WINDOWS\System32\USER32.dll
0x00007fffadef0000 - 0x00007fffae18a000 	C:\WINDOWS\WinSxS\amd64_microsoft.windows.common-controls_6595b64144ccf1df_6.0.19041.5794_none_60bcd33171f2783c\COMCTL32.dll
0x00007fffc7d30000 - 0x00007fffc7d52000 	C:\WINDOWS\System32\win32u.dll
0x00007fffc81a0000 - 0x00007fffc823e000 	C:\WINDOWS\System32\msvcrt.dll
0x00007fffc8460000 - 0x00007fffc848b000 	C:\WINDOWS\System32\GDI32.dll
0x00007fffc77e0000 - 0x00007fffc78fa000 	C:\WINDOWS\System32\gdi32full.dll
0x00007fffc7c90000 - 0x00007fffc7d2d000 	C:\WINDOWS\System32\msvcp_win.dll
0x00007fffc8240000 - 0x00007fffc826f000 	C:\WINDOWS\System32\IMM32.DLL
0x00007fffc1f10000 - 0x00007fffc1f1c000 	C:\Users\lolol\.jdks\openjdk-24.0.1\bin\vcruntime140_1.dll
0x00007fff97810000 - 0x00007fff9789e000 	C:\Users\lolol\.jdks\openjdk-24.0.1\bin\msvcp140.dll
0x00007fff8ba50000 - 0x00007fff8c7f2000 	C:\Users\lolol\.jdks\openjdk-24.0.1\bin\server\jvm.dll
0x00007fffc83b0000 - 0x00007fffc845f000 	C:\WINDOWS\System32\ADVAPI32.dll
0x00007fffc8fc0000 - 0x00007fffc905f000 	C:\WINDOWS\System32\sechost.dll
0x00007fffc8c80000 - 0x00007fffc8da3000 	C:\WINDOWS\System32\RPCRT4.dll
0x00007fffc7680000 - 0x00007fffc76a7000 	C:\WINDOWS\System32\bcrypt.dll
0x00007fffc8270000 - 0x00007fffc82db000 	C:\WINDOWS\System32\WS2_32.dll
0x00007fffc0510000 - 0x00007fffc051a000 	C:\WINDOWS\SYSTEM32\VERSION.dll
0x00007fffc7490000 - 0x00007fffc74db000 	C:\WINDOWS\SYSTEM32\POWRPROF.dll
0x00007fffbcb50000 - 0x00007fffbcb77000 	C:\WINDOWS\SYSTEM32\WINMM.dll
0x00007fffc7470000 - 0x00007fffc7482000 	C:\WINDOWS\SYSTEM32\UMPDC.dll
0x00007fffc5490000 - 0x00007fffc54a2000 	C:\WINDOWS\SYSTEM32\kernel.appcore.dll
0x00007fffc1480000 - 0x00007fffc148a000 	C:\Users\lolol\.jdks\openjdk-24.0.1\bin\jimage.dll
0x00007fffbf180000 - 0x00007fffbf381000 	C:\WINDOWS\SYSTEM32\DBGHELP.DLL
0x00007fffb5c20000 - 0x00007fffb5c54000 	C:\WINDOWS\SYSTEM32\dbgcore.DLL
0x00007fffc7900000 - 0x00007fffc7982000 	C:\WINDOWS\System32\bcryptPrimitives.dll
0x00007fffb8600000 - 0x00007fffb860f000 	C:\Users\lolol\.jdks\openjdk-24.0.1\bin\instrument.dll
0x00007fffb84e0000 - 0x00007fffb84fe000 	C:\Users\lolol\.jdks\openjdk-24.0.1\bin\java.dll
0x00007fffc8e90000 - 0x00007fffc8fbb000 	C:\WINDOWS\System32\ole32.dll
0x00007fffc92d0000 - 0x00007fffc9623000 	C:\WINDOWS\System32\combase.dll
0x00007fffc9630000 - 0x00007fffc9d9e000 	C:\WINDOWS\System32\SHELL32.dll
0x00007fffc56b0000 - 0x00007fffc5e53000 	C:\WINDOWS\SYSTEM32\windows.storage.dll
0x00007fffc6f90000 - 0x00007fffc6fbb000 	C:\WINDOWS\SYSTEM32\Wldp.dll
0x00007fffc9060000 - 0x00007fffc912d000 	C:\WINDOWS\System32\OLEAUT32.dll
0x00007fffc8020000 - 0x00007fffc80cd000 	C:\WINDOWS\System32\SHCORE.dll
0x00007fffc7fc0000 - 0x00007fffc8015000 	C:\WINDOWS\System32\shlwapi.dll
0x00007fffc7560000 - 0x00007fffc7585000 	C:\WINDOWS\SYSTEM32\profapi.dll
0x00007fff94a50000 - 0x00007fff94b27000 	C:\Users\lolol\.jdks\openjdk-24.0.1\bin\jsvml.dll
0x00007fffc05a0000 - 0x00007fffc05b0000 	C:\Users\lolol\.jdks\openjdk-24.0.1\bin\net.dll
0x00007fffc6cf0000 - 0x00007fffc6d5c000 	C:\WINDOWS\system32\mswsock.dll
0x00007fffb8610000 - 0x00007fffb8626000 	C:\Users\lolol\.jdks\openjdk-24.0.1\bin\nio.dll
0x00007fffb8280000 - 0x00007fffb8297000 	C:\Users\lolol\.jdks\openjdk-24.0.1\bin\zip.dll
0x00007fffc6a10000 - 0x00007fffc6ada000 	C:\WINDOWS\SYSTEM32\DNSAPI.dll
0x00007fffc69d0000 - 0x00007fffc6a0b000 	C:\WINDOWS\SYSTEM32\IPHLPAPI.DLL
0x00007fffc83a0000 - 0x00007fffc83a8000 	C:\WINDOWS\System32\NSI.dll
0x00007fffc1520000 - 0x00007fffc152a000 	C:\Windows\System32\rasadhlp.dll
0x00007fffc0c70000 - 0x00007fffc0cf0000 	C:\WINDOWS\System32\fwpuclnt.dll
0x00007fffb82b0000 - 0x00007fffb82ba000 	C:\Users\lolol\.jdks\openjdk-24.0.1\bin\management.dll
0x00007fffb82a0000 - 0x00007fffb82ab000 	C:\Users\lolol\.jdks\openjdk-24.0.1\bin\management_ext.dll
0x00007fffc8760000 - 0x00007fffc8768000 	C:\WINDOWS\System32\PSAPI.DLL
0x000002c2238b0000 - 0x000002c2238b3000 	C:\Users\lolol\.openjfx\cache\17.0.6\api-ms-win-core-console-l1-1-0.dll
0x000002c2238c0000 - 0x000002c2238c3000 	C:\Users\lolol\.openjfx\cache\17.0.6\api-ms-win-core-console-l1-2-0.dll
0x000002c2238d0000 - 0x000002c2238d3000 	C:\Users\lolol\.openjfx\cache\17.0.6\api-ms-win-core-datetime-l1-1-0.dll
0x000002c2238e0000 - 0x000002c2238e3000 	C:\Users\lolol\.openjfx\cache\17.0.6\api-ms-win-core-debug-l1-1-0.dll
0x000002c243d30000 - 0x000002c243d33000 	C:\Users\lolol\.openjfx\cache\17.0.6\api-ms-win-core-errorhandling-l1-1-0.dll
0x000002c243d40000 - 0x000002c243d44000 	C:\Users\lolol\.openjfx\cache\17.0.6\api-ms-win-core-file-l1-1-0.dll
0x00007fffc6ee0000 - 0x00007fffc6ef8000 	C:\WINDOWS\SYSTEM32\CRYPTSP.dll
0x00007fffc6610000 - 0x00007fffc6648000 	C:\WINDOWS\system32\rsaenh.dll
0x00007fffc74e0000 - 0x00007fffc750e000 	C:\WINDOWS\SYSTEM32\USERENV.dll
0x00007fffc6f00000 - 0x00007fffc6f0c000 	C:\WINDOWS\SYSTEM32\CRYPTBASE.dll
0x00007fff98f30000 - 0x00007fff98f47000 	C:\WINDOWS\system32\napinsp.dll
0x00007fff98f10000 - 0x00007fff98f2b000 	C:\WINDOWS\system32\pnrpnsp.dll
0x00007fffb0930000 - 0x00007fffb094d000 	C:\WINDOWS\system32\wshbth.dll
0x00007fffc3110000 - 0x00007fffc312d000 	C:\WINDOWS\system32\NLAapi.dll
0x00007fff98ef0000 - 0x00007fff98f02000 	C:\WINDOWS\System32\winrnr.dll
0x000002c243c20000 - 0x000002c243c23000 	C:\Users\lolol\.openjfx\cache\17.0.6\api-ms-win-core-file-l1-2-0.dll
0x000002c243c30000 - 0x000002c243c33000 	C:\Users\lolol\.openjfx\cache\17.0.6\api-ms-win-core-file-l2-1-0.dll
0x000002c243c40000 - 0x000002c243c43000 	C:\Users\lolol\.openjfx\cache\17.0.6\api-ms-win-core-handle-l1-1-0.dll
0x000002c243c50000 - 0x000002c243c53000 	C:\Users\lolol\.openjfx\cache\17.0.6\api-ms-win-core-heap-l1-1-0.dll
0x000002c243c60000 - 0x000002c243c63000 	C:\Users\lolol\.openjfx\cache\17.0.6\api-ms-win-core-interlocked-l1-1-0.dll
0x000002c243c70000 - 0x000002c243c73000 	C:\Users\lolol\.openjfx\cache\17.0.6\api-ms-win-core-libraryloader-l1-1-0.dll

JVMTI agents:
N:\Programs\IntelliJ IDEA 2025.1\lib\idea_rt.jar path:C:\Users\lolol\.jdks\openjdk-24.0.1\bin\instrument.dll, loaded, initialized, instrumentlib options:63874

dbghelp: loaded successfully - version: 4.0.5 - missing functions: none
symbol engine: initialized successfully - sym options: 0x614 - pdb path: .;C:\Users\lolol\.jdks\openjdk-24.0.1\bin;C:\WINDOWS\SYSTEM32;C:\WINDOWS\WinSxS\amd64_microsoft.windows.common-controls_6595b64144ccf1df_6.0.19041.5794_none_60bcd33171f2783c;C:\Users\lolol\.jdks\openjdk-24.0.1\bin\server;C:\Users\lolol\.openjfx\cache\17.0.6

VM Arguments:
jvm_args: -javaagent:N:\Programs\IntelliJ IDEA 2025.1\lib\idea_rt.jar=63874 -Dfile.encoding=UTF-8 -Dsun.stdout.encoding=UTF-8 -Dsun.stderr.encoding=UTF-8 --module-path=C:\Users\lolol\.m2\repository\net\synedra\validatorfx\0.5.0\validatorfx-0.5.0.jar;C:\Users\lolol\.m2\repository\org\kordamp\ikonli\ikonli-javafx\12.3.1\ikonli-javafx-12.3.1.jar;C:\Users\lolol\.m2\repository\eu\hansolo\toolbox\21.0.5\toolbox-21.0.5.jar;C:\Users\lolol\.m2\repository\org\openjfx\javafx-controls\17.0.6\javafx-controls-17.0.6-win.jar;C:\Users\lolol\.m2\repository\org\openjfx\javafx-web\17.0.6\javafx-web-17.0.6-win.jar;C:\Users\lolol\.m2\repository\com\github\almasb\fxgl-io\17.3\fxgl-io-17.3.jar;C:\Users\lolol\.m2\repository\com\github\almasb\fxgl\17.3\fxgl-17.3.jar;C:\Users\lolol\.m2\repository\com\github\almasb\fxgl-scene\17.3\fxgl-scene-17.3.jar;C:\Users\lolol\.m2\repository\org\openjfx\javafx-media\17.0.6\javafx-media-17.0.6-win.jar;C:\Users\lolol\.m2\repository\org\openjfx\javafx-swing\17.0.6\javafx-swing-17.0.6-win.jar;C:\Users\lolol\.m2\repository\com\github\almasb\fxgl-gameplay\17.3\fxgl-gameplay-17.3.jar;C:\Users\lolol\.m2\repository\com\fasterxml\jackson\core\jackson-core\2.14.2\jackson-core-2.14.2.jar;C:\Users\lolol\.m2\repository\org\kordamp\ikonli\ikonli-core\12.3.1\ikonli-core-12.3.1.jar;C:\Users\lolol\.m2\repository\org\openjfx\javafx-base\17.0.6\javafx-base-17.0.6-win.jar;C:\Users\lolol\.m2\repository\org\openjfx\javafx-fxml\17.0.6\javafx-fxml-17.0.6-win.jar;C:\Users\lolol\.m2\repository\com\gluonhq\attach\lifecycle\4.0.17\lifecycle-4.0.17.jar;C:\Users\lolol\.m2\repository\com\gluonhq\attach\audio\4.0.17\audio-4.0.17.jar;C:\Users\lolol\.m2\repository\com\github\almasb\fxgl-core\17.3\fxgl-core-17.3.jar;C:\Users\lolol\.m2\repository\com\dlsc\formsfx\formsfx-core\11.6.0\formsfx-core-11.6.0.jar;C:\Users\lolol\.m2\repository\eu\hansolo\toolboxfx\21.0.3\toolboxfx-21.0.3.jar;C:\Users\lolol\.m2\repository\org\controlsfx\controlsfx\11.2.1\controlsfx-11.2.1.jar;C:\Users\lolol\.m2\repository\eu\hansolo\fx\heatmap\21.0.3\heatmap-21.0.3.jar;C:\Users\lolol\.m2\repository\org\openjfx\javafx-graphics\17.0.6\javafx-graphics-17.0.6-win.jar;C:-Djdk.module.main=selentar.productmanager 
java_command: selentar.productmanager/selentar.productmanager.StartWork
java_class_path (initial): C:\Users\lolol\.m2\repository\org\openjfx\javafx-controls\17.0.6\javafx-controls-17.0.6.jar;C:\Users\lolol\.m2\repository\org\openjfx\javafx-graphics\17.0.6\javafx-graphics-17.0.6.jar;C:\Users\lolol\.m2\repository\org\openjfx\javafx-base\17.0.6\javafx-base-17.0.6.jar;C:\Users\lolol\.m2\repository\org\openjfx\javafx-fxml\17.0.6\javafx-fxml-17.0.6.jar;C:\Users\lolol\.m2\repository\org\openjfx\javafx-web\17.0.6\javafx-web-17.0.6.jar;C:\Users\lolol\.m2\repository\org\openjfx\javafx-swing\17.0.6\javafx-swing-17.0.6.jar;C:\Users\lolol\.m2\repository\org\openjfx\javafx-media\17.0.6\javafx-media-17.0.6.jar;C:\Users\lolol\.m2\repository\org\jetbrains\kotlin\kotlin-stdlib-common\1.8.10\kotlin-stdlib-common-1.8.10.jar;C:\Users\lolol\.m2\repository\org\jetbrains\annotations\13.0\annotations-13.0.jar
Launcher Type: SUN_STANDARD

[Global flags]
     intx CICompilerCount                          = 12                                        {product} {ergonomic}
     uint ConcGCThreads                            = 3                                         {product} {ergonomic}
     uint G1ConcRefinementThreads                  = 13                                        {product} {ergonomic}
   size_t G1HeapRegionSize                         = 2097152                                   {product} {ergonomic}
   size_t InitialHeapSize                          = 255852544                                 {product} {ergonomic}
   size_t MarkStackSize                            = 4194304                                   {product} {ergonomic}
   size_t MarkStackSizeMax                         = 536870912                                 {product} {ergonomic}
   size_t MaxHeapSize                              = 4078960640                                {product} {ergonomic}
   size_t MaxNewSize                               = 2447376384                                {product} {ergonomic}
   size_t MinHeapDeltaBytes                        = 2097152                                   {product} {ergonomic}
   size_t MinHeapSize                              = 8388608                                   {product} {ergonomic}
    uintx NonNMethodCodeHeapSize                   = 7602176                                {pd product} {ergonomic}
    uintx NonProfiledCodeHeapSize                  = 122093568                              {pd product} {ergonomic}
    uintx ProfiledCodeHeapSize                     = 121962496                              {pd product} {ergonomic}
    uintx ReservedCodeCacheSize                    = 251658240                              {pd product} {ergonomic}
     bool SegmentedCodeCache                       = true                                      {product} {ergonomic}
   size_t SoftMaxHeapSize                          = 4078960640                             {manageable} {ergonomic}
     bool UseCompressedOops                        = true                           {product lp64_product} {ergonomic}
     bool UseG1GC                                  = true                                      {product} {ergonomic}
     bool UseLargePagesIndividualAllocation        = false                                  {pd product} {ergonomic}

Logging:
Log output configuration:
 #0: stdout all=warning uptime,level,tags foldmultilines=false
 #1: stderr all=off uptime,level,tags foldmultilines=false

Environment Variables:
PATH=N:\MinGW\bin;C:\Program Files (x86)\Common Files\Oracle\Java\java8path;C:\Program Files (x86)\Common Files\Oracle\Java\javapath;C:\WINDOWS\system32;C:\WINDOWS;C:\WINDOWS\System32\Wbem;C:\WINDOWS\System32\WindowsPowerShell\v1.0\;C:\WINDOWS\System32\OpenSSH\;C:\Program Files\dotnet\;C:\Program Files (x86)\Windows Kits\10\Windows Performance Toolkit\;C:\Program Files\Git\cmd;C:\Users\lolol\AppData\Local\Microsoft\WindowsApps;N:\Programs\Microsoft VS Code\bin;
USERNAME=lolol
OS=Windows_NT
PROCESSOR_IDENTIFIER=AMD64 Family 25 Model 68 Stepping 1, AuthenticAMD
TMP=C:\Users\lolol\AppData\Local\Temp
TEMP=C:\Users\lolol\AppData\Local\Temp




Periodic native trim disabled

---------------  S Y S T E M  ---------------

OS:
 Windows 10 , 64 bit Build 19041 (10.0.19041.5794)
OS uptime: 3 days 6:05 hours

CPU: total 16 (initial active 16) (16 cores per cpu, 2 threads per core) family 25 model 68 stepping 1 microcode 0x0, cx8, cmov, fxsr, ht, mmx, 3dnowpref, sse, sse2, sse3, ssse3, sse4a, sse4.1, sse4.2, popcnt, lzcnt, tsc, tscinvbit, avx, avx2, aes, clmul, bmi1, bmi2, adx, sha, fma, vzeroupper, clflush, clflushopt, rdtscp, rdpid, f16c, pku, cet_ss
Processor Information for processor 0
  Max Mhz: 3201, Current Mhz: 3201, Mhz Limit: 3201
Processor Information for processor 1
  Max Mhz: 3201, Current Mhz: 2537, Mhz Limit: 3201
Processor Information for processor 2
  Max Mhz: 3201, Current Mhz: 3201, Mhz Limit: 3201
Processor Information for processor 3
  Max Mhz: 3201, Current Mhz: 3201, Mhz Limit: 3201
Processor Information for processor 4
  Max Mhz: 3201, Current Mhz: 2537, Mhz Limit: 3201
Processor Information for processor 5
  Max Mhz: 3201, Current Mhz: 3201, Mhz Limit: 3201
Processor Information for processor 6
  Max Mhz: 3201, Current Mhz: 2537, Mhz Limit: 3201
Processor Information for processor 7
  Max Mhz: 3201, Current Mhz: 3201, Mhz Limit: 3201
Processor Information for processor 8
  Max Mhz: 3201, Current Mhz: 2537, Mhz Limit: 3201
Processor Information for processor 9
  Max Mhz: 3201, Current Mhz: 2537, Mhz Limit: 3201
Processor Information for processor 10
  Max Mhz: 3201, Current Mhz: 3201, Mhz Limit: 3201
Processor Information for processor 11
  Max Mhz: 3201, Current Mhz: 3201, Mhz Limit: 3201
Processor Information for processor 12
  Max Mhz: 3201, Current Mhz: 3201, Mhz Limit: 3201
Processor Information for processor 13
  Max Mhz: 3201, Current Mhz: 2537, Mhz Limit: 3201
Processor Information for processor 14
  Max Mhz: 3201, Current Mhz: 3201, Mhz Limit: 3201
Processor Information for processor 15
  Max Mhz: 3201, Current Mhz: 2537, Mhz Limit: 3201

Memory: 4k page, system-wide physical 15557M (894M free)
TotalPageFile size 34674M (AvailPageFile size 1M)
current process WorkingSet (physical memory assigned to process): 98M, peak: 98M
current process commit charge ("private bytes"): 370M, peak: 375M

vm_info: OpenJDK 64-Bit Server VM (24.0.1+9-30) for windows-amd64 JRE (24.0.1+9-30), built on 2025-03-05T07:23:45Z with MS VC++ 17.6 (VS2022)

END.
